aça
xxxxxxxx 3a
aça
SIM
acaçá
4
xxxxxxxx 2a
NAO
Ada
2
xxxxxxxx 2A
NAO
afã
2
xxxxxxxx 2a
NAO
aia
xxxxxxxx 3a
aia
SIM
ala
xxxxxxxx 3a
ala
SIM
ama
xxxxxxxx 3a
ama
SIM
Ana
2
xxxxxxxx 2A
NAO
anilina
xxxxxxxx 3a
anilina
xxxxxxxx 3n
anilina
xxxxxxxx 3i
anilina
SIM
ara
xxxxxxxx 3a
ara
SIM
arara
xxxxxxxx 3a
arara
xxxxxxxx 3r
arara
SIM
asa
xxxxxxxx 3a
asa
SIM
ata
xxxxxxxx 3a
ata
SIM
aviva
xxxxxxxx 3a
aviva
xxxxxxxx 3v
aviva
SIM
ele
xxxxxxxx 3e
ele
SIM
esse
xxxxxxxx 3e
esse
xxxxxxxx 3s
esse
SIM
mamam
xxxxxxxx 3m
mamam
xxxxxxxx 3a
mamam
SIM
mamam
xxxxxxxx 3m
mamam
xxxxxxxx 3a
mamam
SIM
matam
xxxxxxxx 3m
matam
xxxxxxxx 3a
matam
SIM
metem
xxxxxxxx 3m
metem
xxxxxxxx 3e
metem
SIM
oco
xxxxxxxx 3o
oco
SIM
omissíssimo
xxxxxxxx 3o
omissíssimo
xxxxxxxx 3m
omissíssimo
xxxxxxxx 3i
omissíssimo
xxxxxxxx 3s
omissíssimo
xxxxxxxx 3s
omissíssimo
SIM
Omo
2
xxxxxxxx 2O
NAO
osso
xxxxxxxx 3o
osso
xxxxxxxx 3s
osso
SIM
Oto
2
xxxxxxxx 2O
NAO
Otto
3
xxxxxxxx 2O
NAO
ovo
xxxxxxxx 3o
ovo
SIM
racificar
xxxxxxxx 3r
racificar
xxxxxxxx 3a
racificar
xxxxxxxx 3c
racificar
xxxxxxxx 3i
racificar
SIM
radar
xxxxxxxx 3r
radar
xxxxxxxx 3a
radar
SIM
radar
xxxxxxxx 3r
radar
xxxxxxxx 3a
radar
SIM
reger
xxxxxxxx 3r
reger
xxxxxxxx 3e
reger
SIM
raiar
xxxxxxxx 3r
raiar
xxxxxxxx 3a
raiar
SIM
ralar
xxxxxxxx 3r
ralar
xxxxxxxx 3a
ralar
SIM
ramar
xxxxxxxx 3r
ramar
xxxxxxxx 3a
ramar
SIM
rapar
xxxxxxxx 3r
rapar
xxxxxxxx 3a
rapar
SIM
rasar
xxxxxxxx 3r
rasar
xxxxxxxx 3a
rasar
SIM
reler
xxxxxxxx 3r
reler
xxxxxxxx 3e
reler
SIM
reter
xxxxxxxx 3r
reter
xxxxxxxx 3e
reter
SIM
reter
xxxxxxxx 3r
reter
xxxxxxxx 3e
reter
SIM
rever
xxxxxxxx 3r
rever
xxxxxxxx 3e
rever
SIM
reviver
xxxxxxxx 3r
reviver
xxxxxxxx 3e
reviver
xxxxxxxx 3v
reviver
SIM
rir
xxxxxxxx 3r
rir
SIM
rodador
xxxxxxxx 3r
rodador
xxxxxxxx 3o
rodador
xxxxxxxx 3d
rodador
SIM
rotor
xxxxxxxx 3r
rotor
xxxxxxxx 3o
rotor
SIM
sacas
xxxxxxxx 3s
sacas
xxxxxxxx 3a
sacas
SIM
saias
xxxxxxxx 3s
saias
xxxxxxxx 3a
saias
SIM
salas
xxxxxxxx 3s
salas
xxxxxxxx 3a
salas
SIM
sanas
xxxxxxxx 3s
sanas
xxxxxxxx 3a
sanas
SIM
sapas
xxxxxxxx 3s
sapas
xxxxxxxx 3a
sapas
SIM
saras
xxxxxxxx 3s
saras
xxxxxxxx 3a
saras
SIM
sararás
xxxxxxxx 3s
sararás
5
xxxxxxxx 2a
NAO
seres
xxxxxxxx 3s
seres
xxxxxxxx 3e
seres
SIM
socos
xxxxxxxx 3s
socos
xxxxxxxx 3o
socos
SIM
somávamos
xxxxxxxx 3s
somávamos
xxxxxxxx 3o
somávamos
xxxxxxxx 3m
somávamos
5
xxxxxxxx 2á
NAO
somámos
xxxxxxxx 3s
somámos
xxxxxxxx 3o
somámos
xxxxxxxx 3m
somámos
SIM
sopapos
xxxxxxxx 3s
sopapos
xxxxxxxx 3o
sopapos
xxxxxxxx 3p
sopapos
SIM
Ada
2
xxxxxxxx 2A
NAO
Ana
2
xxxxxxxx 2A
NAO
Anna
3
xxxxxxxx 2A
NAO
Bob
2
xxxxxxxx 2B
NAO
Ebbe
3
xxxxxxxx 2E
NAO
Ebbe
3
xxxxxxxx 2E
NAO
Elle
3
xxxxxxxx 2E
NAO
Eve
2
xxxxxxxx 2E
NAO
Hannah
5
xxxxxxxx 2H
NAO
Menem
4
xxxxxxxx 2M
NAO
Natan
4
xxxxxxxx 2N
NAO
Nauan
4
xxxxxxxx 2N
NAO
Neven
4
xxxxxxxx 2N
NAO
Oto
2
xxxxxxxx 2O
NAO
Otto
3
xxxxxxxx 2O
NAO
Raiar
4
xxxxxxxx 2R
NAO
Renner
5
xxxxxxxx 2R
NAO
Mussum
5
xxxxxxxx 2M
NAO
Bauab
4
xxxxxxxx 2B
NAO
Rever
4
xxxxxxxx 2R
NAO
Lael Leal
8
xxxxxxxx 2L
NAO
Neuquén
6
xxxxxxxx 2N
NAO
Neuquén
6
xxxxxxxx 2N
NAO
Mutum
4
xxxxxxxx 2M
NAO
Acaiaca
6
xxxxxxxx 2A
NAO
Muçum
4
xxxxxxxx 2M
NAO
Mirim
4
xxxxxxxx 2M
NAO
Itati
4
xxxxxxxx 2I
NAO
Ailen - Nélia
12
xxxxxxxx 2A
NAO
abas - sabá
10
xxxxxxxx 2a
NAO
acará - araçá
12
xxxxxxxx 2a
NAO
acém - Meca
xxxxxxxx 3a
acém - Meca
xxxxxxxx 3c
acém - Meca
8
xxxxxxxx 2é
NAO
aço - oca
xxxxxxxx 3a
aço - oca
7
xxxxxxxx 2ç
NAO
Adnan - Nanda
12
xxxxxxxx 2A
NAO
ágil - liga
10
xxxxxxxx 2á
NAO
alas - sala
xxxxxxxx 3a
alas - sala
xxxxxxxx 3l
alas - sala
xxxxxxxx 3a
alas - sala
xxxxxxxx 3s
alas - sala
xxxxxxxx 3 
alas - sala
SIM
além - mela
xxxxxxxx 3a
além - mela
xxxxxxxx 3l
além - mela
8
xxxxxxxx 2é
NAO
Alani - inala
12
xxxxxxxx 2A
NAO
alô - olá
8
xxxxxxxx 2a
NAO
amam - mama
xxxxxxxx 3a
amam - mama
xxxxxxxx 3m
amam - mama
xxxxxxxx 3a
amam - mama
xxxxxxxx 3m
amam - mama
xxxxxxxx 3 
amam - mama
SIM
amor - Roma
xxxxxxxx 3a
amor - Roma
xxxxxxxx 3m
amor - Roma
xxxxxxxx 3o
amor - Roma
7
xxxxxxxx 2r
NAO
amor - romã
10
xxxxxxxx 2a
NAO
amora - aroma
xxxxxxxx 3a
amora - aroma
xxxxxxxx 3m
amora - aroma
xxxxxxxx 3o
amora - aroma
xxxxxxxx 3r
amora - aroma
xxxxxxxx 3a
amora - aroma
xxxxxxxx 3 
amora - aroma
SIM
ame - ema
xxxxxxxx 3a
ame - ema
xxxxxxxx 3m
ame - ema
xxxxxxxx 3e
ame - ema
xxxxxxxx 3 
ame - ema
SIM
anal - Lana
xxxxxxxx 3a
anal - Lana
xxxxxxxx 3n
anal - Lana
xxxxxxxx 3a
anal - Lana
7
xxxxxxxx 2l
NAO
anel - Lena
xxxxxxxx 3a
anel - Lena
xxxxxxxx 3n
anel - Lena
xxxxxxxx 3e
anel - Lena
7
xxxxxxxx 2l
NAO
anelem - melena
xxxxxxxx 3a
anelem - melena
xxxxxxxx 3n
anelem - melena
xxxxxxxx 3e
anelem - melena
xxxxxxxx 3l
anelem - melena
xxxxxxxx 3e
anelem - melena
xxxxxxxx 3m
anelem - melena
xxxxxxxx 3 
anelem - melena
SIM
anil - Lina
xxxxxxxx 3a
anil - Lina
xxxxxxxx 3n
anil - Lina
xxxxxxxx 3i
anil - Lina
7
xxxxxxxx 2l
NAO
animal - lâmina
xxxxxxxx 3a
animal - lâmina
xxxxxxxx 3n
animal - lâmina
xxxxxxxx 3i
animal - lâmina
xxxxxxxx 3m
animal - lâmina
10
xxxxxxxx 2a
NAO
anis - sina
xxxxxxxx 3a
anis - sina
xxxxxxxx 3n
anis - sina
xxxxxxxx 3i
anis - sina
xxxxxxxx 3s
anis - sina
xxxxxxxx 3 
anis - sina
SIM
após - sopa
xxxxxxxx 3a
após - sopa
xxxxxxxx 3p
após - sopa
8
xxxxxxxx 2ó
NAO
ar - rã
6
xxxxxxxx 2a
NAO
ar - rã
6
xxxxxxxx 2a
NAO
aram - Mara
xxxxxxxx 3a
aram - Mara
xxxxxxxx 3r
aram - Mara
xxxxxxxx 3a
aram - Mara
7
xxxxxxxx 2m
NAO
arar - rara
xxxxxxxx 3a
arar - rara
xxxxxxxx 3r
arar - rara
xxxxxxxx 3a
arar - rara
xxxxxxxx 3r
arar - rara
xxxxxxxx 3 
arar - rara
SIM
arco - ocra
xxxxxxxx 3a
arco - ocra
xxxxxxxx 3r
arco - ocra
xxxxxxxx 3c
arco - ocra
xxxxxxxx 3o
arco - ocra
xxxxxxxx 3 
arco - ocra
SIM
are - era
xxxxxxxx 3a
are - era
xxxxxxxx 3r
are - era
xxxxxxxx 3e
are - era
xxxxxxxx 3 
are - era
SIM
aro - ora
xxxxxxxx 3a
aro - ora
xxxxxxxx 3r
aro - ora
xxxxxxxx 3o
aro - ora
xxxxxxxx 3 
aro - ora
SIM
arroz - zorra
xxxxxxxx 3a
arroz - zorra
xxxxxxxx 3r
arroz - zorra
xxxxxxxx 3r
arroz - zorra
xxxxxxxx 3o
arroz - zorra
xxxxxxxx 3z
arroz - zorra
xxxxxxxx 3 
arroz - zorra
SIM
assam - massa
xxxxxxxx 3a
assam - massa
xxxxxxxx 3s
assam - massa
xxxxxxxx 3s
assam - massa
xxxxxxxx 3a
assam - massa
xxxxxxxx 3m
assam - massa
xxxxxxxx 3 
assam - massa
SIM
assim - missa
xxxxxxxx 3a
assim - missa
xxxxxxxx 3s
assim - missa
xxxxxxxx 3s
assim - missa
xxxxxxxx 3i
assim - missa
xxxxxxxx 3m
assim - missa
xxxxxxxx 3 
assim - missa
SIM
atar - rata
xxxxxxxx 3a
atar - rata
xxxxxxxx 3t
atar - rata
xxxxxxxx 3a
atar - rata
xxxxxxxx 3r
atar - rata
xxxxxxxx 3 
atar - rata
SIM
atem - meta
xxxxxxxx 3a
atem - meta
xxxxxxxx 3t
atem - meta
xxxxxxxx 3e
atem - meta
xxxxxxxx 3m
atem - meta
xxxxxxxx 3 
atem - meta
SIM
aterram - marreta
xxxxxxxx 3a
aterram - marreta
xxxxxxxx 3t
aterram - marreta
xxxxxxxx 3e
aterram - marreta
xxxxxxxx 3r
aterram - marreta
xxxxxxxx 3r
aterram - marreta
xxxxxxxx 3a
aterram - marreta
xxxxxxxx 3m
aterram - marreta
xxxxxxxx 3 
aterram - marreta
SIM
ator - rota
xxxxxxxx 3a
ator - rota
xxxxxxxx 3t
ator - rota
xxxxxxxx 3o
ator - rota
xxxxxxxx 3r
ator - rota
xxxxxxxx 3 
ator - rota
SIM
auge - égua
xxxxxxxx 3a
auge - égua
xxxxxxxx 3u
auge - égua
xxxxxxxx 3g
auge - égua
7
xxxxxxxx 2e
NAO
aval - lava
xxxxxxxx 3a
aval - lava
xxxxxxxx 3v
aval - lava
xxxxxxxx 3a
aval - lava
xxxxxxxx 3l
aval - lava
xxxxxxxx 3 
aval - lava
SIM
avaro - orava
xxxxxxxx 3a
avaro - orava
xxxxxxxx 3v
avaro - orava
xxxxxxxx 3a
avaro - orava
xxxxxxxx 3r
avaro - orava
xxxxxxxx 3o
avaro - orava
xxxxxxxx 3 
avaro - orava
SIM
ave - Eva
xxxxxxxx 3a
ave - Eva
xxxxxxxx 3v
ave - Eva
6
xxxxxxxx 2e
NAO
avo - ova
xxxxxxxx 3a
avo - ova
xxxxxxxx 3v
avo - ova
xxxxxxxx 3o
avo - ova
xxxxxxxx 3 
avo - ova
SIM
avó - ova
xxxxxxxx 3a
avó - ova
xxxxxxxx 3v
avó - ova
6
xxxxxxxx 2ó
NAO
avô - ova
xxxxxxxx 3a
avô - ova
xxxxxxxx 3v
avô - ova
6
xxxxxxxx 2ô
NAO
Avon - nova
10
xxxxxxxx 2A
NAO
elo - olé
8
xxxxxxxx 2e
NAO
íris - siri
10
xxxxxxxx 2í
NAO
laicos- social
xxxxxxxx 3l
laicos- social
xxxxxxxx 3a
laicos- social
xxxxxxxx 3i
laicos- social
xxxxxxxx 3c
laicos- social
xxxxxxxx 3o
laicos- social
xxxxxxxx 3s
laicos- social
7
xxxxxxxx 2-
NAO
latem - metal
xxxxxxxx 3l
latem - metal
xxxxxxxx 3a
latem - metal
xxxxxxxx 3t
latem - metal
xxxxxxxx 3e
latem - metal
xxxxxxxx 3m
latem - metal
xxxxxxxx 3 
latem - metal
SIM
lavo - oval
xxxxxxxx 3l
lavo - oval
xxxxxxxx 3a
lavo - oval
xxxxxxxx 3v
lavo - oval
xxxxxxxx 3o
lavo - oval
xxxxxxxx 3 
lavo - oval
SIM
Leonam - Manoel
14
xxxxxxxx 2L
NAO
Marrocos - socorram
18
xxxxxxxx 2M
NAO
melar - ralem
xxxxxxxx 3m
melar - ralem
xxxxxxxx 3e
melar - ralem
xxxxxxxx 3l
melar - ralem
xxxxxxxx 3a
melar - ralem
xxxxxxxx 3r
melar - ralem
xxxxxxxx 3 
melar - ralem
SIM
melar - ralem
xxxxxxxx 3m
melar - ralem
xxxxxxxx 3e
melar - ralem
xxxxxxxx 3l
melar - ralem
xxxxxxxx 3a
melar - ralem
xxxxxxxx 3r
melar - ralem
xxxxxxxx 3 
melar - ralem
SIM
meter - retem
xxxxxxxx 3m
meter - retem
xxxxxxxx 3e
meter - retem
xxxxxxxx 3t
meter - retem
xxxxxxxx 3e
meter - retem
xxxxxxxx 3r
meter - retem
xxxxxxxx 3 
meter - retem
SIM
ocas - saco
xxxxxxxx 3o
ocas - saco
xxxxxxxx 3c
ocas - saco
xxxxxxxx 3a
ocas - saco
xxxxxxxx 3s
ocas - saco
xxxxxxxx 3 
ocas - saco
SIM
olor - rolo
xxxxxxxx 3o
olor - rolo
xxxxxxxx 3l
olor - rolo
xxxxxxxx 3o
olor - rolo
xxxxxxxx 3r
olor - rolo
xxxxxxxx 3 
olor - rolo
SIM
orar - raro
xxxxxxxx 3o
orar - raro
xxxxxxxx 3r
orar - raro
xxxxxxxx 3a
orar - raro
xxxxxxxx 3r
orar - raro
xxxxxxxx 3 
orar - raro
SIM
ramo - omar
xxxxxxxx 3r
ramo - omar
xxxxxxxx 3a
ramo - omar
xxxxxxxx 3m
ramo - omar
xxxxxxxx 3o
ramo - omar
xxxxxxxx 3 
ramo - omar
SIM
ramos - somar
xxxxxxxx 3r
ramos - somar
xxxxxxxx 3a
ramos - somar
xxxxxxxx 3m
ramos - somar
xxxxxxxx 3o
ramos - somar
xxxxxxxx 3s
ramos - somar
xxxxxxxx 3 
ramos - somar
SIM
redil - líder
xxxxxxxx 3r
redil - líder
xxxxxxxx 3e
redil - líder
xxxxxxxx 3d
redil - líder
9
xxxxxxxx 2i
NAO
servil - livres
xxxxxxxx 3s
servil - livres
xxxxxxxx 3e
servil - livres
xxxxxxxx 3r
servil - livres
xxxxxxxx 3v
servil - livres
xxxxxxxx 3i
servil - livres
xxxxxxxx 3l
servil - livres
xxxxxxxx 3 
servil - livres
SIM
aceno boneca
xxxxxxxx 3a
aceno boneca
xxxxxxxx 3c
aceno boneca
xxxxxxxx 3e
aceno boneca
xxxxxxxx 3n
aceno boneca
xxxxxxxx 3o
aceno boneca
6
xxxxxxxx 2 
NAO
acne penca
xxxxxxxx 3a
acne penca
xxxxxxxx 3c
acne penca
xxxxxxxx 3n
acne penca
xxxxxxxx 3e
acne penca
5
xxxxxxxx 2 
NAO
Anita latina
11
xxxxxxxx 2A
NAO
aperto trepa
xxxxxxxx 3a
aperto trepa
xxxxxxxx 3p
aperto trepa
xxxxxxxx 3e
aperto trepa
xxxxxxxx 3r
aperto trepa
xxxxxxxx 3t
aperto trepa
6
xxxxxxxx 2o
NAO
laca bacal
xxxxxxxx 3l
laca bacal
xxxxxxxx 3a
laca bacal
xxxxxxxx 3c
laca bacal
xxxxxxxx 3a
laca bacal
5
xxxxxxxx 2 
NAO
ladra pardal
xxxxxxxx 3l
ladra pardal
xxxxxxxx 3a
ladra pardal
xxxxxxxx 3d
ladra pardal
xxxxxxxx 3r
ladra pardal
xxxxxxxx 3a
ladra pardal
6
xxxxxxxx 2 
NAO
lama ramal
xxxxxxxx 3l
lama ramal
xxxxxxxx 3a
lama ramal
xxxxxxxx 3m
lama ramal
xxxxxxxx 3a
lama ramal
5
xxxxxxxx 2 
NAO
lamina animal
xxxxxxxx 3l
lamina animal
xxxxxxxx 3a
lamina animal
xxxxxxxx 3m
lamina animal
xxxxxxxx 3i
lamina animal
xxxxxxxx 3n
lamina animal
xxxxxxxx 3a
lamina animal
SIM
lata Natal
xxxxxxxx 3l
lata Natal
xxxxxxxx 3a
lata Natal
xxxxxxxx 3t
lata Natal
xxxxxxxx 3a
lata Natal
5
xxxxxxxx 2 
NAO
saca macas
xxxxxxxx 3s
saca macas
xxxxxxxx 3a
saca macas
xxxxxxxx 3c
saca macas
xxxxxxxx 3a
saca macas
5
xxxxxxxx 2 
NAO
rede ceder
xxxxxxxx 3r
rede ceder
xxxxxxxx 3e
rede ceder
xxxxxxxx 3d
rede ceder
xxxxxxxx 3e
rede ceder
5
xxxxxxxx 2 
NAO
rezar prazer
xxxxxxxx 3r
rezar prazer
xxxxxxxx 3e
rezar prazer
xxxxxxxx 3z
rezar prazer
xxxxxxxx 3a
rezar prazer
xxxxxxxx 3r
rezar prazer
6
xxxxxxxx 2 
NAO
A caca
5
xxxxxxxx 2A
NAO
A caça
5
xxxxxxxx 2A
NAO
A cama-maca
10
xxxxxxxx 2A
NAO
A dama
5
xxxxxxxx 2A
NAO
A droga gorda
12
xxxxxxxx 2A
NAO
A baba
5
xxxxxxxx 2A
NAO
A babá
5
xxxxxxxx 2A
NAO
A Lêda dela
10
xxxxxxxx 2A
NAO
A Lila
5
xxxxxxxx 2A
NAO
A mama
5
xxxxxxxx 2A
NAO
A mama
5
xxxxxxxx 2A
NAO
A mil... Baita...Katia B. Lima
29
xxxxxxxx 2A
NAO
A Rua Laura
10
xxxxxxxx 2A
NAO
Ada bêbada
9
xxxxxxxx 2A
NAO
Ada levada velada
16
xxxxxxxx 2A
NAO
Ada nada
7
xxxxxxxx 2A
NAO
Aí, Bia!
7
xxxxxxxx 2A
NAO
Ali, lado Dalila
15
xxxxxxxx 2A
NAO
Anita, a tina! (Antonio de Castro)
33
xxxxxxxx 2A
NAO
Arara rara
9
xxxxxxxx 2A
NAO
É bebê!
6
xxxxxxxx 2É
NAO
Lima a mil
9
xxxxxxxx 2L
NAO
Luz azul
7
xxxxxxxx 2L
NAO
Luz a arara azul
15
xxxxxxxx 2L
NAO
O bobo
5
xxxxxxxx 2O
NAO
O bolo do lobo
13
xxxxxxxx 2O
NAO
O dado
5
xxxxxxxx 2O
NAO
O dedo
5
xxxxxxxx 2O
NAO
Oh! Limonada no milho? (Marcelo Coimbra Furtado)
47
xxxxxxxx 2O
NAO
O Lilo
5
xxxxxxxx 2O
NAO
O Lu nulo
8
xxxxxxxx 2O
NAO
O selo leso
10
xxxxxxxx 2O
NAO
A Sila lisa
10
xxxxxxxx 2A
NAO
O Silo liso
10
xxxxxxxx 2O
NAO
O trote torto
12
xxxxxxxx 2O
NAO
O vovô
5
xxxxxxxx 2O
NAO
Oi, raro horário!
16
xxxxxxxx 2O
NAO
Oi rato otário!
14
xxxxxxxx 2O
NAO
Oi, gol é relógio? (San Tiago Caraíva)
37
xxxxxxxx 2O
NAO
Ovos nele, Helen Sovo!
21
xxxxxxxx 2O
NAO
Ralo do dólar
12
xxxxxxxx 2R
NAO
Zé de Lima, Rua Laura, Mil e Dez
31
xxxxxxxx 2Z
NAO
Aço Pipoca
9
xxxxxxxx 2A
NAO
Anita latina
11
xxxxxxxx 2A
NAO
Subi no ônibus
13
xxxxxxxx 2S
NAO
A base desatola calotas e desaba
31
xxxxxxxx 2A
NAO
A base do teto desaba (Rômulo Marinho)
37
xxxxxxxx 2A
NAO
A Capital. Lati paca (Eduardo Banks)
35
xxxxxxxx 2A
NAO
A cara rajada da jararaca (Sheldon Cooper)
41
xxxxxxxx 2A
NAO
A dama admirou o rim da amada
28
xxxxxxxx 2A
NAO
A Daniela ama a lei? Nada! (Marcelo Coimbra Furtado)
51
xxxxxxxx 2A
NAO
Adias a data da saída. (Marcelo Coimbra Furtado)
47
xxxxxxxx 2A
NAO
A diva ávida, dádiva à vida (Rogério Duarte Filho)
49
xxxxxxxx 2A
NAO
A diva em Argel alegra-me a vida (Rômulo Marinho)
48
xxxxxxxx 2A
NAO
A droga do dote é todo da gorda (Rômulo Marinho)
47
xxxxxxxx 2A
NAO
A grama é amarga (Millor Fernandes)
34
xxxxxxxx 2A
NAO
Ai, Ravel. Arados, serrotes e torres só Dara levaria. Ela foi-se (Marcelo Coimbra Furtado)
89
xxxxxxxx 2A
NAO
A leda, sacana, ia na casa dela. (Marcelo Coimbra Furtado)
57
xxxxxxxx 2A
NAO
A lupa pula (Catarina Lins)
26
xxxxxxxx 2A
NAO
A má (boa?) nova lê Bono: Nobel Avon a Obama (Leo Cunha)
55
xxxxxxxx 2A
NAO
A maca dos sonos só dá cama (Mateus S. Thimóteo)
47
xxxxxxxx 2A
NAO
A mala nada na lama (Millor Fernandes)
37
xxxxxxxx 2A
NAO
A mira da rima (Mateus S. Thimóteo)
34
xxxxxxxx 2A
NAO
A miss é péssima!
16
xxxxxxxx 2A
NAO
À Rita, sátira! (Mateus S. Thimóteo)
35
xxxxxxxx 2À
NAO
A, seu Gu, tropa da portuguesa? (Mateus S. Thimóteo)
51
xxxxxxxx 2A
NAO
Amarga-me a droga, a gorda é magra má (Rogério Duarte Filho)
59
xxxxxxxx 2A
NAO
Amo Omã. Se Roma me tem amores, amo Omã! (Mateus S. Thimóteo)
60
xxxxxxxx 2A
NAO
Arroz é zorra (Fernando Fonseca)
31
xxxxxxxx 2A
NAO
Acata o danado... e o danado ataca!
34
xxxxxxxx 2A
NAO
Acinte animal: aos sopapos, soa lâmina étnica. (Beto Furquim)
60
xxxxxxxx 2A
NAO
Acuda cadela da Leda caduca (Rômulo Marinho)
43
xxxxxxxx 2A
NAO
Até Reagan sibarita tira bisnaga ereta (Chico Buarque de Hollanda)
65
xxxxxxxx 2A
NAO
Até Reagan sibarita tira bisnaga ereta (Chico Buarque de Hollanda)
65
xxxxxxxx 2A
NAO
A Daniela ama a lei? Nada! (Marcelo Coimbra Furtado)
51
xxxxxxxx 2A
NAO
Adias a data da saída (Marcelo Coimbra Furtado)
46
xxxxxxxx 2A
NAO
Adias aérea saída. (Beto Furquim)
32
xxxxxxxx 2A
NAO
Ah, 'leva eu', que a velha... (Mateus S. Thimóteo)
49
xxxxxxxx 2A
NAO
Ah, livre era papai noel, leon ia papar é ervilha. (Rogério Duarte Filho)
72
xxxxxxxx 2A
NAO
Ai, Ravel, arados, serrotes e torres, só Dara levaria (Marcelo Coimbra Furtado)
78
xxxxxxxx 2A
NAO
Ajudem Edu já! (Ândrey Galvão)
29
xxxxxxxx 2A
NAO
Amarga é a maca - tira-a, Rita! cama é a grama... (Marcos Chrispim)
66
xxxxxxxx 2A
NAO
Ame a ema
8
xxxxxxxx 2A
NAO
Ame o poema
10
xxxxxxxx 2A
NAO
Amil, mera gula, é dia, ide alugar em Lima (Ândrey Galvão)
57
xxxxxxxx 2A
NAO
Amor, aniversário: só iras revi na Roma (Eduardo Banks)
54
xxxxxxxx 2A
NAO
Amor me açoda, aviva, adoça em Roma. (Beto Furquim)
50
xxxxxxxx 2A
NAO
Amora me tem aroma
17
xxxxxxxx 2A
NAO
Ana, case, esse é sacana
23
xxxxxxxx 2A
NAO
Ana lava Lana
12
xxxxxxxx 2A
NAO
Ana me rola, calor emana...
26
xxxxxxxx 2A
NAO
Ana (e Dari) irá reler Ari; ira de Ana. (Filipe Prates)
54
xxxxxxxx 2A
NAO
Ana Penélope arder a Lua acitore é erótica aula redra e pólen e pana. (Eduardo Banks)
84
xxxxxxxx 2A
NAO
Ande logo, ela vale o gol, Edna! (Marcelo Coimbra Furtado)
57
xxxxxxxx 2A
NAO
Anotaram a data da maratona (François S. Oliveira)
49
xxxxxxxx 2A
NAO
A pateta ama até tapa...
23
xxxxxxxx 2A
NAO
A porta rangia à ignara tropa
28
xxxxxxxx 2A
NAO
Após a sopa
10
xxxxxxxx 2A
NAO
A rara arara
11
xxxxxxxx 2A
NAO
Ar gera regra (Mateus S. Thimóteo)
33
xxxxxxxx 2A
NAO
Ararás. A cuca roda. Ata é bom semear. Assem-a sem ovo, mês a mês, sara. E mesmo beata, a dor, a cuca sarará. (Almi Cardoso da Silva)
132
xxxxxxxx 2A
NAO
Arfas a arar solos; rara, a safra. (Beto Furquim)
48
xxxxxxxx 2A
NAO
A Rita, sobre vovô, verbos atira (Rômulo Marinho)
48
xxxxxxxx 2A
NAO
A roda da Dora
13
xxxxxxxx 2A
NAO
Aro, fala oba idem*. Edu, tive o dna dum eco desse. Aí moço, toma. Zedi, pare de ler e vai, ide e levai. Daniel ei vai roda tu p*. Moço, o computador ia, vi ele inadiável, e Edi ia ver ele de rapidez a moto. Comi a esse doce mudando e vi tu de media boa lá fora.(Ândrey Galvão)
276
xxxxxxxx 2A
NAO
Aroma. Me supus em amora. (Beto Furquim)
39
xxxxxxxx 2A
NAO
A sacada da casa
15
xxxxxxxx 2A
NAO
A semana toda lemos: só melado tá na mesa (Marcelo Coimbra Furtado)
66
xxxxxxxx 2A
NAO
Após a negra falarás: Sara Lafarge na sopa! (Euclides José Maciel Marques)
73
xxxxxxxx 2A
NAO
Arame na cidade? Mele-o! Ele faz a fé, Léo! Ele me dá dica, né, Mara? (Mateus S. Thimóteo)
89
xxxxxxxx 2A
NAO
Arara, vi paca e a capivara. Rá! (Mateus S. Thimóteo)
52
xxxxxxxx 2A
NAO
Asa, caneta, arroz, radar, zorra: até na casa? (Mateus S. Thimóteo)
66
xxxxxxxx 2A
NAO
Assim a aia ia à missa (Millor Fernandes)
40
xxxxxxxx 2A
NAO
Assim a aluna anula a missa
26
xxxxxxxx 2A
NAO
Até na cana, to na Lua. Paul, anota na caneta (Ândrey Galvão)
60
xxxxxxxx 2A
NAO
Até Reagan sibarita tira bisnaga ereta (Chico Buarque)
53
xxxxxxxx 2A
NAO
A sogra má e amargosa
20
xxxxxxxx 2A
NAO
Atino?banana bonita.
19
xxxxxxxx 2A
NAO
Atlas, omissíssimo, salta. (Beto Furquim)
40
xxxxxxxx 2A
NAO
Ato idiota
9
xxxxxxxx 2A
NAO
A torre da derrota
17
xxxxxxxx 2A
NAO
Aula na Lua (Mateus S. Thimóteo)
31
xxxxxxxx 2A
NAO
Aula sobre verbos à Lua (Mateus S. Thimóteo)
43
xxxxxxxx 2A
NAO
A Varig girava (Diogo Vasconcellos Lima)
39
xxxxxxxx 2A
NAO
A Varig girava (Diogo Vasconcellos Lima)
39
xxxxxxxx 2A
NAO
Ave veloz o leve. Vá!
20
xxxxxxxx 2A
NAO
É a mateira Marieta mãe?
23
xxxxxxxx 2É
NAO
É cova! Puxa, amo tossir e ame! De o dna Rô! Mano, a Thaisi? Ah, tão namorando! É de mãe (risso). Toma, axu pá voce! (Ândrey Galvão Barbosa)
139
xxxxxxxx 2É
NAO
E Amaro? Faz a paz afora, mãe. (Bruno Prates)
44
xxxxxxxx 2E
NAO
E assim a missa é
16
xxxxxxxx 2E
NAO
E até o Papa poeta é” (Rômulo Marinho)
37
xxxxxxxx 2E
NAO
É, fala! A, reza! Fala! Ó, jura: mão de 11 é do(a) marujo(a) Lá, fazer a Alá fé! (Mateus S. Thimóteo)
100
xxxxxxxx 2É
NAO
E Leda, sacana, ia na casa dele (Marcelo Coimbra Furtado)
56
xxxxxxxx 2E
NAO
Ema, só após merecerem sopa os ame. (Beto Furquim)
49
xxxxxxxx 2E
NAO
Ele padece da pele
17
xxxxxxxx 2E
NAO
E telas eram usadas à caneta até na casa da Sumaré, Salete!
58
xxxxxxxx 2E
NAO
E toma, leva, roda a missa. Reza fará prazer... e lave-me, ótimo é o demo, evite o azar, evite-se esse mês. Acorde pedroca sem esse (e se tive razão, e tive) o medo é o mito e me vale rezar para fazer assim. À Adorável, amo-te. (Rogério Duarte Filho)
249
xxxxxxxx 2E
NAO
E troca a corte! (Mateus S. Thimóteo)
36
xxxxxxxx 2E
NAO
E vá após a sopa, ave! (Mateus S. Thimóteo)
42
xxxxxxxx 2E
NAO
É volitar ter a ave... Lico domina e lê. Ática, Ana Morale, a ti, Paolo, todavia, relê. Assinada, ela fala: ‘– Sai, cala, foge, retrata, vá, ó Satim! (repetem o nosso nome). Te permitas o avatar ter ego. Falácias, Alá, fale à Danissa!’ Ele, raiva do tolo, apita... Ela, romana, a cita. Ele, ânimo dócil... Eva, a retrátil, o vê! (Herbert Saavedra)
346
xxxxxxxx 2É
NAO
Em roda, tropa, após a sopa, à porta dorme (Rômulo Marinho)
58
xxxxxxxx 2E
NAO
Ésio, fale! Ai, Ravel, arados, serrotes e torres só Dara levaria. Ela foi-se (Marcelo Coimbra Furtado)
101
xxxxxxxx 2É
NAO
És sapo? Passe
13
xxxxxxxx 2É
NAO
Eta, longe Egno late (Mateus S. Thimóteo)
40
xxxxxxxx 2E
NAO
Eu, neto; vovô, tênue (Leo Cunha)
32
xxxxxxxx 2E
NAO
Eva, asse essa ave
17
xxxxxxxx 2E
NAO
Eva, asse e pape essa ave
24
xxxxxxxx 2E
NAO
Ia, vem e vai (Mateus S. Thimóteo)
33
xxxxxxxx 2I
NAO
Ias em missa? Logo o gol assim me sai... (Marcos Chrispim)
57
xxxxxxxx 2I
NAO
Íris ama siri (Ítalo Lourenço)
29
xxxxxxxx 2Í
NAO
Ítalo, lati (Mateus S. Thimóteo)
31
xxxxxxxx 2Í
NAO
Fica fácil escrever palindromos com nomes próprios, como fazem Mezaf Omocso, Irporp Semon, Mocs Omord, Nila Prevercs e Lica Facif. (Rodrigo Marçal e Marco Vieira)
161
xxxxxxxx 2F
NAO
Girava Varig (Mateus S. Thimóteo)
32
xxxxxxxx 2G
NAO
Há gaz no Gonzaga. (Antonio de Castro Rocha Jr)
46
xxxxxxxx 2H
NAO
Há gaz no Gonzaga. (Antonio de Castro Rocha Jr)
46
xxxxxxxx 2H
NAO
Há gaz no Gonzaga. (Antonio de Castro Rocha Jr)
46
xxxxxxxx 2H
NAO
Laço bacana para panaca boçal (Rômulo Marinho)
45
xxxxxxxx 2L
NAO
Lael é leal! (Ricardo Biesek)
28
xxxxxxxx 2L
NAO
Lá tá no novo; e sem o califa na fila come-se ovo no Natal. (Antonio Prates)
75
xxxxxxxx 2L
NAO
Lá tem metal.
12
xxxxxxxx 2L
NAO
Lavo ovo oval (Mateus S. Thimóteo)
33
xxxxxxxx 2L
NAO
Lena me teve (tem) anel (Mateus S. Thimóteo)
43
xxxxxxxx 2L
NAO
Liga: se sobes sebos, és ágil. (Beto Furquim)
44
xxxxxxxx 2L
NAO
Livre do poder vil (Rogério Duarte Filho)
40
xxxxxxxx 2L
NAO
Luza Rocelina, a namorada do Manuel, leu na “Moda da Romana”: “Anil é cor azul”
78
xxxxxxxx 2L
NAO
Maria, Selena e Anele saíram (Euclides José Maciel Marques)
58
xxxxxxxx 2M
NAO
Marujos só juram
15
xxxxxxxx 2M
NAO
Mata da TAM (Mateus S. Thimóteo)
31
xxxxxxxx 2M
NAO
Modo: som tiramos, somamos som a ritmos: o dom (Rômulo Marinho)
62
xxxxxxxx 2M
NAO
Morram após a sopa marrom
24
xxxxxxxx 2M
NAO
Navio MOCS? Ueh, ta Matheus com o Ivan? (Ivan Souza de Andrade, p/ o filho, Matheus B.W.A)
89
xxxxxxxx 2N
NAO
O caso da droga da gorda do saco
31
xxxxxxxx 2O
NAO
O céu sueco
10
xxxxxxxx 2O
NAO
O Cid é médico
13
xxxxxxxx 2O
NAO
O Decamerão: are, Macedo (Eduardo Banks)
39
xxxxxxxx 2O
NAO
O Demo é tema, sua causa mete o medo. (San Tiago Caraíva)
56
xxxxxxxx 2O
NAO
Ódio do doido!
13
xxxxxxxx 2Ó
NAO
O Gal. Leno Roca, à porta da cidade, a portador relata fatal erro da tropa e dá dica da tropa a Coronel Lago (Rômulo Marinho)
124
xxxxxxxx 2O
NAO
O galo ama o lago
16
xxxxxxxx 2O
NAO
O galo no lago
13
xxxxxxxx 2O
NAO
Ó, mas adoro rodas: amo! (Mateus S. Thimóteo)
44
xxxxxxxx 2Ó
NAO
Oh! Limonada no milho? (Marcelo Coimbra Furtado)
47
xxxxxxxx 2O
NAO
Oh nossas luvas avulsas, sonho... (Rogério Duarte Filho)
55
xxxxxxxx 2O
NAO
Oh, nó de Mara medonho!(Gletson Aguiar Martins)
46
xxxxxxxx 2O
NAO
Oi, nó! Medo do demônio? (Mateus S. Thimóteo)
44
xxxxxxxx 2O
NAO
Oi, nó! Medo do demônio? (Mateus S. Thimóteo)
44
xxxxxxxx 2O
NAO
Oi! Leva arara? - Ave Lio!
25
xxxxxxxx 2O
NAO
O Ivan ama navio (Ivan Nicoli)
29
xxxxxxxx 2O
NAO
Olá tio Ítalo (Ítalo Lourenço)
29
xxxxxxxx 2O
NAO
O lobo ama o bolo
16
xxxxxxxx 2O
NAO
O mero remo (Ítalo Lourenço)
27
xxxxxxxx 2O
NAO
O mito é ótimo
13
xxxxxxxx 2O
NAO
O pó de cocaína mata maníaco cedo, pô!
37
xxxxxxxx 2O
NAO
O pó de cocaína mata maníaco cedo, pô!
37
xxxxxxxx 2O
NAO
Orar é em missa? Assim me é raro! (Mateus S. Thimóteo)
53
xxxxxxxx 2O
NAO
O romano acata amores a damas amadas e Roma ataca o namoro
57
xxxxxxxx 2O
NAO
O romano do namoro (Mateus S. Thimóteo)
38
xxxxxxxx 2O
NAO
Oslo: o clã é de álcool só (Leo Cunha)
37
xxxxxxxx 2O
NAO
O tal é o rio leve na neve loiro e lato (Roberto F. Silvestre)
61
xxxxxxxx 2O
NAO
O tapa. Oh! Li-me, Datena. Coma arroz. Ó, não é o ano. Zorra: amo: caneta; de milho a pato (Mateus S. Thimóteo)
110
xxxxxxxx 2O
NAO
O teu drama é amar dueto
23
xxxxxxxx 2O
NAO
O terrível é ele vir reto (Rômulo Marinho)
41
xxxxxxxx 2O
NAO
Oto come doce seco de mocotó (Rômulo Marinho)
44
xxxxxxxx 2O
NAO
Oto come mocotó
14
xxxxxxxx 2O
NAO
O treco certo
12
xxxxxxxx 2O
NAO
O voo do ovo
11
xxxxxxxx 2O
NAO
Ramo do mar (Mateus S. Thimóteo)
31
xxxxxxxx 2R
NAO
Reverta é verbo, O vivo breve é, Sabe bem amá-lo o Lama, Me beba se é verbo vivo, O breve atrever. (Rogério Duarte Filho)
120
xxxxxxxx 2R
NAO
Rezar pro Pedro (morde por prazer). (Bruno Prates)
49
xxxxxxxx 2R
NAO
Rir, o breve verbo rir
21
xxxxxxxx 2R
NAO
Roda esse corpo, processe a dor!
31
xxxxxxxx 2R
NAO
Roma é amor
10
xxxxxxxx 2R
NAO
Roma? Eu? Que amor... (Mateus S. Thimóteo) - primeira frase palíndroma com a letra Q
83
xxxxxxxx 2R
NAO
Roma me tem amor
15
xxxxxxxx 2R
NAO
Sá dá tapas e sapatadas
22
xxxxxxxx 2S
NAO
Sá, grave Vargas
15
xxxxxxxx 2S
NAO
Saíram o tio e oito marias
25
xxxxxxxx 2S
NAO
Sais sem o casaco, Messias?
26
xxxxxxxx 2S
NAO
Salta o Atlas
12
xxxxxxxx 2S
NAO
Saltaram o mar, Atlas
20
xxxxxxxx 2S
NAO
Seco de raiva, coloco no colo caviar e doces
43
xxxxxxxx 2S
NAO
Sem o dote, é todo mês
21
xxxxxxxx 2S
NAO
Ser belo, lebres!
16
xxxxxxxx 2S
NAO
_Seres saro há horas! _Seres?!
29
xxxxxxxx 2_
NAO
Se rota, sô, ave leva os atores!
31
xxxxxxxx 2S
NAO
Soam-me ótimos os reversos: o mito em mãos!
42
xxxxxxxx 2S
NAO
Só com o tio somávamos oito moços
32
xxxxxxxx 2S
NAO
Só Dnira mata tamarindos...
26
xxxxxxxx 2S
NAO
Socorram Marrocos
16
xxxxxxxx 2S
NAO
Socorram-me em Marrocos!
23
xxxxxxxx 2S
NAO
Socorram-me, subi no ônibus em Marrocos!
39
xxxxxxxx 2S
NAO
Soluçou em meu óculos
20
xxxxxxxx 2S
NAO
Só melado tá na mesa a semana toda, Lemos!
41
xxxxxxxx 2S
NAO
Sorri. P.S.: espirros!
21
xxxxxxxx 2S
NAO
SOS, A Varig girava, SOS
xxxxxxxx 3S
SOS, A Varig girava, SOS
xxxxxxxx 3O
SOS, A Varig girava, SOS
xxxxxxxx 3S
SOS, A Varig girava, SOS
20
xxxxxxxx 2,
NAO
Subi no ônibus
13
xxxxxxxx 2S
NAO
Subi no ônibus
13
xxxxxxxx 2S
NAO
Subi no ônibus
13
xxxxxxxx 2S
NAO
Subi no ônibus
13
xxxxxxxx 2S
NAO
Subi no ônibus
13
xxxxxxxx 2S
NAO
Tucano na CUT
xxxxxxxx 3T
Tucano na CUT
11
xxxxxxxx 2u
NAO
Zé de Lima, Rua Laura, mil e dez
31
xxxxxxxx 2Z
NAO
Zé do dez
8
xxxxxxxx 2Z
NAO
Livro da dor vil.
16
xxxxxxxx 2L
NAO
O Norton no trono.
17
xxxxxxxx 2O
NAO
O pavão vê arara, só vi urubu ruivo sarará e voava pô!
53
xxxxxxxx 2O
NAO
Ria, só tive sorte má, a metros evito sair.
42
xxxxxxxx 2R
NAO
Acinte animal: aos sopapos, soa lâmina étnica. (Beto Furquim)
60
xxxxxxxx 2A
NAO
Adias aérea saída. (Beto Furquim)
32
xxxxxxxx 2A
NAO
Ame a ema.
9
xxxxxxxx 2A
NAO
Amar Donato idiota no drama. (Laura Oliveira)
44
xxxxxxxx 2A
NAO
Amor me açoda, e aviva, e adoça em Roma. (Beto Furquim)
54
xxxxxxxx 2A
NAO
Amor, me ama em Roma?
20
xxxxxxxx 2A
NAO
Ande, Edna.
10
xxxxxxxx 2A
NAO
Ante Atlas, Oto salta Etna
25
xxxxxxxx 2A
NAO
Após a sopa.
11
xxxxxxxx 2A
NAO
Arre! Sem o erre, o mês erra. (Beto Furquim)
43
xxxxxxxx 2A
NAO
Arfas a arar solos; rara, a safra. (Beto Furquim)
48
xxxxxxxx 2A
NAO
Assam a massa.
13
xxxxxxxx 2A
NAO
Assim a aluna anula a missa.
27
xxxxxxxx 2A
NAO
Atlas, omissíssimo, salta (Beto Furquim)
39
xxxxxxxx 2A
NAO
E assim a missa é.
17
xxxxxxxx 2E
NAO
Ai,é legal a geleia
18
xxxxxxxx 2A
NAO
Ema, só após merecerem sopa os ame. (Beto Furquim)
49
xxxxxxxx 2E
NAO
Eu, ué!
6
xxxxxxxx 2E
NAO
Eu acuo Laura na ciririca na rua louca, ué (Laura Oliveira)
58
xxxxxxxx 2E
NAO
Eva, asse essa ave.
18
xxxxxxxx 2E
NAO
Liga: se sobes sebos, és ágil. (Beto Furquim)
44
xxxxxxxx 2L
NAO
Matem e metam. (Euclides José Maciel Marques)
44
xxxxxxxx 2M
NAO
Maus matutam, suam. (Beto Furquim)
33
xxxxxxxx 2M
NAO
Morram após a sopa marrom.
25
xxxxxxxx 2M
NAO
Omitiram radar marítimo.
23
xxxxxxxx 2O
NAO
Omitiram radar marítimo.
23
xxxxxxxx 2O
NAO
Omitiram radar marítimo.
23
xxxxxxxx 2O
NAO
Omito osso ótimo.
16
xxxxxxxx 2O
NAO
Orar é em missa? Assim me é raro! (Mateus S. Thimóteo)
53
xxxxxxxx 2O
NAO
Oras e saro. (Guilherme Pedroso)
31
xxxxxxxx 2O
NAO
Os Maias saíam só. (Tulio)
25
xxxxxxxx 2O
NAO
Raul e Íris: após sopapos, sopa, siri e luar. (Beto Furquim)
59
xxxxxxxx 2R
NAO
Roma é amor.
11
xxxxxxxx 2R
NAO
Salta o Atlas.
13
xxxxxxxx 2S
NAO
Somar me em Ramos. (Celia L. Ribeiro)
36
xxxxxxxx 2S
NAO
Roma me tem amor.
16
xxxxxxxx 2R
NAO
Aula na rua é aura na lua (Laura Oliveira)
41
xxxxxxxx 2A
NAO
A diva da dívida da vida. (Laura Oliveira)
41
xxxxxxxx 2A
NAO
Socorram Marrocos.
17
xxxxxxxx 2S
NAO
Somos seres, somos?!?! Seres somos !?!? (Paulo Cezar Antunes Junior)
67
xxxxxxxx 2S
NAO
SOS: somos sós
13
xxxxxxxx 2S
NAO
Zed lota o atol dez (Hemeterio)
30
xxxxxxxx 2Z
NAO
Sopas suam, e Solar/Somar soa animal marítimo; livres ares anula acinte, à reviver, a étnica aluna será servil? Omitiram lâmina aos ramos ralos e maus sapos (Giuliano Fratin)
173
xxxxxxxx 2S
NAO
Sós,nossos palermas sapos só passam relapsos,sonsos!
51
xxxxxxxx 2S
NAO
Óto come doce seco de mocotó
27
xxxxxxxx 2Ó
NAO
Subi no ônibus
13
xxxxxxxx 2S
NAO
A base do teto desaba. (Rômulo Marinho)
38
xxxxxxxx 2A
NAO
A diva ávida, dádiva à vida (Rogério Duarte Filho)
49
xxxxxxxx 2A
NAO
Ah, livre era papai noel, leon ia papar é ervilha. (Rogério Duarte Filho)
72
xxxxxxxx 2A
NAO
A cara rajada da jararaca. (Manu Lafer)
38
xxxxxxxx 2A
NAO
Acata o danado... e o danado ataca!
34
xxxxxxxx 2A
NAO
Acuda cadela da Leda caduca (Rômulo Marinho)
43
xxxxxxxx 2A
NAO
A dama admirou o rim da amada.
29
xxxxxxxx 2A
NAO
A Daniela ama a lei? Nada! (Marcelo Coimbra Furtado)
51
xxxxxxxx 2A
NAO
Adias a data da saída. (Marcelo Coimbra Furtado)
47
xxxxxxxx 2A
NAO
Adão, Tejo hereje, gere hoje toada. (pintado num muro da UFRJ)
61
xxxxxxxx 2A
NAO
Omitiram o nobre verbo no marítimo (San Tiago Caraíva)
53
xxxxxxxx 2O
NAO
A droga do dote é todo da gorda. (Rômulo Marinho)
48
xxxxxxxx 2A
NAO
A diva em Argel alegra-me a vida. (Rômulo Marinho)
49
xxxxxxxx 2A
NAO
A grama é amarga. (Millor Fernandes)
35
xxxxxxxx 2A
NAO
Ah, Caetano, e Leona te acha? (Ederson Dantas)
45
xxxxxxxx 2A
NAO
Ai, Ed... O Oto odeia! (Ederson Dantas)
38
xxxxxxxx 2A
NAO
Ai, Ravel, arados, serrotes e torres, só Dara levaria. Ela foi-se” (Marcelo Coimbra Furtado)
91
xxxxxxxx 2A
NAO
A ira cava na vacaria.(Glétson Aguiar Martins)
45
xxxxxxxx 2A
NAO
Amada dama (Jederson L. Ribeiro)
31
xxxxxxxx 2A
NAO
A mala nada na lama. (Millôr Fernandes)
38
xxxxxxxx 2A
NAO
A lua panamenha agita, fatiga. Ah! Nem Ana Paula...(Noguerol)
60
xxxxxxxx 2A
NAO
Amada rapariga agira para dama.
30
xxxxxxxx 2A
NAO
Amarelo cadaver tá; é a treva da cólera má. (Manu Lafer)
55
xxxxxxxx 2A
NAO
Amarga é a maca - tira-a, Rita! Cama é a grama... (Marcos Chrispim)
66
xxxxxxxx 2A
NAO
Amarga-me a droga, a gorda é magra má. (Rogério Duarte Filho)
60
xxxxxxxx 2A
NAO
Ame o poema.
11
xxxxxxxx 2A
NAO
A miss é péssima!
16
xxxxxxxx 2A
NAO
Amora me tem aroma.
18
xxxxxxxx 2A
NAO
Amor é de Roma. (Iuan Melo Meirelles)
36
xxxxxxxx 2A
NAO
Ana, case, esse é sacana.
24
xxxxxxxx 2A
NAO
Ana (e Dari) irá reler Ari; ira de Ana. (Filipe Prates)
54
xxxxxxxx 2A
NAO
Ana lava Lana.
13
xxxxxxxx 2A
NAO
Anali amada dama ilana. (Ada Jéssica da Silva)
45
xxxxxxxx 2A
NAO
Ana me rola, calor emana...
26
xxxxxxxx 2A
NAO
Ande logo, ela vale o gol, Edna! (Marcelo Coimbra Furtado)
57
xxxxxxxx 2A
NAO
Anotaram a data da maratona.
27
xxxxxxxx 2A
NAO
A pateta ama até tapa...
23
xxxxxxxx 2A
NAO
A porta rangia à ignara tropa.
29
xxxxxxxx 2A
NAO
A rara arara.
12
xxxxxxxx 2A
NAO
Ararás. A cuca roda. Ata é bom semear. Assem-a sem ovo, mês a mês, sara. E mesmo beata, a dor, a cuca sarará. (Almi Cardoso da Silva)
132
xxxxxxxx 2A
NAO
A Rita, sobre vovô, verbos atira. (Rômulo Marinho)
49
xxxxxxxx 2A
NAO
Arroz é a mata, mãe zorra! (Herbert Saavedra)
44
xxxxxxxx 2A
NAO
A sacada da casa.
16
xxxxxxxx 2A
NAO
A semana toda lemos: só melado tá na mesa. (Marcelo Coimbra Furtado)
67
xxxxxxxx 2A
NAO
Após a negra falarás: Sara Lafarge na Sopa! (Euclides José Maciel Marques)
73
xxxxxxxx 2A
NAO
Assim, a sopa só mereceremos após a missa.
41
xxxxxxxx 2A
NAO
Assim a aia ia à missa. (Millor Fernandes)
41
xxxxxxxx 2A
NAO
Assim a diva Ana Rita, em Roma, amor me atira, na ávida missa.
61
xxxxxxxx 2A
NAO
Até Reagan sibarita tira bisnaga ereta. (Chico Buarque)
54
xxxxxxxx 2A
NAO
Ato idiota.
10
xxxxxxxx 2A
NAO
Ator Aran adia, vai danar a rota (Jederson L. Ribeiro)
53
xxxxxxxx 2A
NAO
A torre da derrota.
18
xxxxxxxx 2A
NAO
A torre da derrota.
18
xxxxxxxx 2A
NAO
Auê só nos EUA! (Hemeterio)
26
xxxxxxxx 2A
NAO
Ave veloz o leve. Vá!
20
xxxxxxxx 2A
NAO
A vida é a diva!
15
xxxxxxxx 2A
NAO
Bola de tênis, sinete da LOB. (Bruno Prates) [LOB é uma academia de tênis no Rio de Janeiro]
91
xxxxxxxx 2B
NAO
E Amaro? Faz a paz afora, mãe. (Bruno Prates)
44
xxxxxxxx 2E
NAO
É a mateira Marieta mãe?
23
xxxxxxxx 2É
NAO
E até o Papa poeta é.” (Rômulo Marinho)
38
xxxxxxxx 2E
NAO
É a vossa meta mor: amarga, letal, amável. Lá ele murmurou que todo amor eu quero. Mão do teu quorum. Rum é leal. Leva mala, tela, grama... Roma, temas, sova é! (Herbert Saavedra)
178
xxxxxxxx 2É
NAO
E depile na lâmina o raro animal anelípede. (Gelson)
51
xxxxxxxx 2E
NAO
E Leda, sacana, ia na casa dele. (Marcelo Coimbra Furtado)
57
xxxxxxxx 2E
NAO
Em roda, tropa, após a sopa, à porta dorme.” (Rômulo Marinho)
60
xxxxxxxx 2E
NAO
E dá dica, dona Issa, com amigos: “Amo-te!” E toma só Gim.Amo Cassiano da cidade!” (Estêvão Queiroga)
100
xxxxxxxx 2E
NAO
Ele padece da pele  (Ana Julia Licio).
37
xxxxxxxx 2E
NAO
- E nota Leda? Ávida, dá remédio. Dose por dose divide. Divide só, Dr. O pé só dói. De mera dádiva a delato, né? (Estêvão Queiroga)
130
xxxxxxxx 2-
NAO
Esse sai. Opa! E me apóias esse! (Ederson Dantas)
48
xxxxxxxx 2E
NAO
És sapo? Passe.
14
xxxxxxxx 2É
NAO
Eva, asse e pape essa ave.
25
xxxxxxxx 2E
NAO
E toma, leva, roda a missa. Reza fará prazer... e lave-me, ótimo é o demo, evite o azar, evite-se esse mês. Acorde pedroca sem esse (e se tive razão, e tive) o medo é o mito e me vale rezar para fazer assim. À Adorável, amo-te. (Rogério Duarte Filho)
249
xxxxxxxx 2E
NAO
“É volitar ter a ave... Lico domina e lê. Ática, Ana Morale, a ti, Paolo, todavia, relê. Assinada, ela fala: ‘– Sai, cala, foge, retrata, vá, ó Satim! (repetem o nosso nome). Te permitas o avatar ter ego. Falácias, Alá, fale à Danissa!’ Ele, raiva do tolo, apita... Ela, romana, a cita. Ele, ânimo dócil... Eva, a retrátil, o vê!” (Herbert Saavedra)
348
xxxxxxxx 2“
NAO
Ias em missa? Logo o gol assim me sai... (Marcos Chrispim)
57
xxxxxxxx 2I
NAO
Laço bacana para panaca boçal. (Rômulo Marinho)
46
xxxxxxxx 2L
NAO
Lá Renê gorava o avaro general. (Eduardo Vidili)
47
xxxxxxxx 2L
NAO
Lá tá no novo; e sem o califa na fila come-se ovo no Natal. (Antonio Prates)
75
xxxxxxxx 2L
NAO
Lá vou eu em meu eu oval. (Marina Wisnik)
40
xxxxxxxx 2L
NAO
Amada data, cera é ter ré da vela: leva, derrete a recatada dama. (Manu Lafer)
77
xxxxxxxx 2A
NAO
Livre do poder vil (Rogério Duarte Filho)
40
xxxxxxxx 2L
NAO
Livros - se for pagar, traga professor vil. (Laerte Coutinho)
60
xxxxxxxx 2L
NAO
Luza Rocelina, a namorada do Manuel, leu na 'Moda da Romana': 'Anil é cor azul.' (Bocage?)
89
xxxxxxxx 2L
NAO
Luz azul
7
xxxxxxxx 2L
NAO
Mar e número remuneram (San Tiago Caraíva)
41
xxxxxxxx 2M
NAO
Maria, Selena e Anele saíram (Euclides José Maciel Marques)
58
xxxxxxxx 2M
NAO
Mari, Rose, Ari e Ed adiavam, sem a mesma vaidade e ira, e só riram.(Túlio F.T.de Sousa)
87
xxxxxxxx 2M
NAO
Marujos só juram
15
xxxxxxxx 2M
NAO
Me vê se a panela da moça é de aço, Madalena Paes, e vem.”
57
xxxxxxxx 2M
NAO
Missa. A atam na luz. Alá fala: Fá-la, Zulan, mata-a, assim! (Herbert Saavedra)
78
xxxxxxxx 2M
NAO
Moça morde Pégasus e Jesus? Age, Pedro maçom! (Eduardo Vidili)
61
xxxxxxxx 2M
NAO
Modo: som tiramos, somamos som a ritmos: o dom.” (Rômulo Marinho)
64
xxxxxxxx 2M
NAO
Morra, mata marrom! (Larissa Bontempi)
37
xxxxxxxx 2M
NAO
O caso da droga da gorda do saco.
32
xxxxxxxx 2O
NAO
O céu sueco.
11
xxxxxxxx 2O
NAO
O Cid é médico.
14
xxxxxxxx 2O
NAO
Ódio do doido!
13
xxxxxxxx 2Ó
NAO
O Gal. Leno Roca, à porta da cidade, a portador relata fatal erro da tropa e dá dica da tropa a Coronel Lago. (Rômulo Marinho)
125
xxxxxxxx 2O
NAO
O galo nada no lago. (Sergio Alberto Schneider)
46
xxxxxxxx 2O
NAO
O Ivan a ama à navio... (Ivan Souza de Andrade)
46
xxxxxxxx 2O
NAO
Oi, rato otário.
15
xxxxxxxx 2O
NAO
Oi,Val! Fez o ovo do vô, o Zé Flávio? (Flávio Bueno Marcondes Oliveira)
70
xxxxxxxx 2O
NAO
Olá Valor, eu quero lavá-lo (Rogério Duarte Filho)
49
xxxxxxxx 2O
NAO
Oh nossas luvas avulsas, sonho... (Rogério Duarte Filho)
55
xxxxxxxx 2O
NAO
O lobo ama o bolo.
17
xxxxxxxx 2O
NAO
O mito é ótimo.
14
xxxxxxxx 2O
NAO
Ô gela gema, ame galego!(Glétson Aguiar Martins)
47
xxxxxxxx 2Ô
NAO
O ovo vovô !! Voô ! (Paulo Cezar Antunes Junior, complemento de Marcel Horner)
77
xxxxxxxx 2O
NAO
O pó de cocaína mata maníaco cedo, pô!
37
xxxxxxxx 2O
NAO
Oro e temo meteoro. (Glétson Aguiar Martins)
43
xxxxxxxx 2O
NAO
O romano acata amores a damas amadas e Roma ataca o namoro.
58
xxxxxxxx 2O
NAO
O teu drama é amar dueto. (Rômulo Marinho)
41
xxxxxxxx 2O
NAO
Ota, o ator, trota o ato (Hemeterio)
35
xxxxxxxx 2O
NAO
Òto, come ovo e mocotó (Heumesmo)
32
xxxxxxxx 2Ò
NAO
O terrível é ele vir reto. (Rômulo Marinho)
42
xxxxxxxx 2O
NAO
Oto come doce seco de mocotó. (Rômulo Marinho)
45
xxxxxxxx 2O
NAO
O treco certo.
13
xxxxxxxx 2O
NAO
Ovo novo.
8
xxxxxxxx 2O
NAO
O voo do ovo.
12
xxxxxxxx 2O
NAO
Lê:tapa,raso,sarapatel!(Glétson Aguiar Martins)
46
xxxxxxxx 2L
NAO
Só Ivan, o tio, é dono de oito navios. (Antônio José de Carvalho)
64
xxxxxxxx 2S
NAO
O corte dói, dê-me remédio de troco. (Antônio José de Carvalho)
62
xxxxxxxx 2O
NAO
Roma se doa toda à ira, Maria, adota o desamor. (Antônio José de Carvalho )
74
xxxxxxxx 2R
NAO
 O Narciso é livre, servil é o sicrano. (Antônio José de Carvalho)
65
xxxxxxxx 2 
NAO
 O mito é ele Pelé, e ótimo. (Antônio José de Carvalho)
54
xxxxxxxx 2 
NAO
 Nos dê o gol logo, Edson. (Antônio José de Carvalho)
52
xxxxxxxx 2 
NAO
 Saltar o meteoro é temor, Atlas. (Antônio José de Carvalho)
59
xxxxxxxx 2 
NAO
Raoni, tal psicose... peso cisplatino, AR. (pintado num muro da UFRJ)
68
xxxxxxxx 2R
NAO
Reter e rever para prever e reter. (Rômulo Marinho)
50
xxxxxxxx 2R
NAO
Reverta é verbo, O vivo breve é, Sabe bem ama-lo o Lama, Me beba se é verbo vivo, O breve atrever. (Rogério Duarte Filho)
120
xxxxxxxx 2R
NAO
Rezar pro Pedro (morde por prazer). (Bruno Prates)
49
xxxxxxxx 2R
NAO
Rir, o breve verbo rir.
22
xxxxxxxx 2R
NAO
Roda esse corpo, processe a dor!
31
xxxxxxxx 2R
NAO
Rô! Sono do cubano Nabucodonosor.(Glétson Aguiar Martins)
56
xxxxxxxx 2R
NAO
Roma me tem amor.
16
xxxxxxxx 2R
NAO
Sá dá tapas e sapatadas.
23
xxxxxxxx 2S
NAO
Saíram o tio e oito Marias.
26
xxxxxxxx 2S
NAO
Seco de raiva, coloco no colo caviar e doces. (Rômulo Marinho)
61
xxxxxxxx 2S
NAO
Sem o dote, é todo mês.
22
xxxxxxxx 2S
NAO
Só com o tio somávamos oito moços. (Rômulo Marinho)
50
xxxxxxxx 2S
NAO
Soa como caos
12
xxxxxxxx 2S
NAO
Socorram-me, subi no ônibus em Marrocos!
39
xxxxxxxx 2S
NAO
S.O.S., seres matam seres sós! (Paulo Cezar Antunes Junior)
58
xxxxxxxx 2S
NAO
Subi no ônibus.
14
xxxxxxxx 2S
NAO
Tucano na CUT (Rômulo Marinho)
29
xxxxxxxx 2T
NAO
Vi Êmulo vetar até volume IV. (Rômulo Marinho)
45
xxxxxxxx 2V
NAO
Zé de Lima, rua Laura, mil e dez.
32
xxxxxxxx 2Z
NAO
A gorda não voa na droga! (Luiz Pedro)
37
xxxxxxxx 2A
NAO
Resumamos: soma m, use r !(Glétson Aguiar Martins)
49
xxxxxxxx 2R
NAO
Neda Lnib ama só Osama Bin Laden.(Glétson Aguiar Martins)
56
xxxxxxxx 2N
NAO
Só metemos.(Pedro Augusto Chizzolini Lonel)
42
xxxxxxxx 2S
NAO
Uruburetama ama Teruburu. (Glétson Aguiar Martins)
49
xxxxxxxx 2U
NAO
Amo La Paloma (Giuliano Fratin)
30
xxxxxxxx 2A
NAO
Livro da dor vil. (Joir Mauro)
29
xxxxxxxx 2L
NAO
Arara só vi urubu ruivo sarará! (Sérgio Igrés)
45
xxxxxxxx 2A
NAO
A dar açúcar é ser açucarada? (Sérgio Igrés)
43
xxxxxxxx 2A
NAO
A vó cadaver tá na treva da cova! (Sérgio Igrés)
47
xxxxxxxx 2A
NAO
Ao ver tubarão no ar abutre voa. (Sérgio Igrés)
46
xxxxxxxx 2A
NAO
Ele,crocodilo,sólido corcel é! (Sérgio Igrés)
44
xxxxxxxx 2E
NAO
Encare ter acne! (Sérgio Igrés)
30
xxxxxxxx 2E
NAO
Se sofro,matemático só cita metamorfoses! (Sérgio Igrés)
55
xxxxxxxx 2S
NAO
Ein Esel lese nie.
17
xxxxxxxx 2E
NAO
Den ret tapre Knud Åge i Egå dunker patter ned.
46
xxxxxxxx 2D
NAO
Den laks skal ned.
17
xxxxxxxx 2D
NAO
Den laks skal ned.
17
xxxxxxxx 2D
NAO
Damejer Nis Berg greb sin rejemad.
33
xxxxxxxx 2D
NAO
Elsa har fat i Rita fra Hasle.
29
xxxxxxxx 2E
NAO
Lås oksemaden ned og giv Viggo denne dameskosål.
47
xxxxxxxx 2L
NAO
Degnene traf i farten en ged.
28
xxxxxxxx 2D
NAO
Tre negre med fane, en af dem er genert.
39
xxxxxxxx 2T
NAO
Selmas lakserøde garagedøre skal samles.
39
xxxxxxxx 2S
NAO
Trolde med lort.
15
xxxxxxxx 2T
NAO
Able was I ere I saw Elba (frase que poderia ter sido dita por Napoleão depois de derrotado em Waterloo)
103
xxxxxxxx 2A
NAO
A man, a plan, a canal, Panama!
30
xxxxxxxx 2A
NAO
Cigar? Toss it in a can, it is so tragic.
40
xxxxxxxx 2C
NAO
Dennis and Edna sinned.
22
xxxxxxxx 2D
NAO
Doc, note, I dissent: a fast never prevents a fatness; I diet on cod.
68
xxxxxxxx 2D
NAO
God, no evil, live on dog.
25
xxxxxxxx 2G
NAO
God lived as a devil dog.
24
xxxxxxxx 2G
NAO
I love me, Vol I.
16
xxxxxxxx 2I
NAO
I roamed under it, a tired nude maori.
37
xxxxxxxx 2I
NAO
Lewd did I live & evil I did dwel.
33
xxxxxxxx 2L
NAO
Madam, I'm Adam.
15
xxxxxxxx 2M
NAO
Mad as Sadam. (Cassiano Leonelli e Estêvão Queiroga)
51
xxxxxxxx 2M
NAO
Nat saw I was tan.
17
xxxxxxxx 2N
NAO
Not a hero wore hat on
21
xxxxxxxx 2N
NAO
Satan oscillate my metallic sonatas (as palavras escritas juntas formam o título de um EP da banda Soundgarden)
110
xxxxxxxx 2S
NAO
See, slave, I demonstrate yet arts no medieval sees. (Georges Perec)
67
xxxxxxxx 2S
NAO
Stop no top a pot on pots
24
xxxxxxxx 2S
NAO
Sums are not set as a test on Erasmus.
37
xxxxxxxx 2S
NAO
Was it a car or a cat I saw?
27
xxxxxxxx 2W
NAO
1234554321
xxxxxxxx 31
1234554321
xxxxxxxx 32
1234554321
xxxxxxxx 33
1234554321
xxxxxxxx 34
1234554321
xxxxxxxx 35
1234554321
SIM
123456789
8
xxxxxxxx 21
NAO
123.4567
7
xxxxxxxx 21
NAO
2345,6543
8
xxxxxxxx 22
NAO
234,445,555
10
xxxxxxxx 22
NAO
2212.23432.234325
16
xxxxxxxx 22
NAO
127.1.1.1
xxxxxxxx 31
127.1.1.1
7
xxxxxxxx 22
NAO
127,0,0,0
8
xxxxxxxx 21
NAO
,05
2
xxxxxxxx 2,
NAO
.12
2
xxxxxxxx 2.
NAO
12.
2
xxxxxxxx 21
NAO
123,
3
xxxxxxxx 21
NAO
